Copyright 1986-2019 Xilinx, Inc. All Rights Reserved.
---------------------------------------------------------------------------------------------
| Tool Version : Vivado v.2019.2 (win64) Build 2708876 Wed Nov  6 21:40:23 MST 2019
| Date         : Sat Nov 18 05:58:34 2023
| Host         : DESKTOP-8HKCIN9 running 64-bit major release  (build 9200)
| Command      : report_control_sets -verbose -file design_1_wrapper_control_sets_placed.rpt
| Design       : design_1_wrapper
| Device       : xc7a100t
---------------------------------------------------------------------------------------------

Control Set Information

Table of Contents
-----------------
1. Summary
2. Histogram
3. Flip-Flop Distribution
4. Detailed Control Set Information

1. Summary
----------

+----------------------------------------------------------+-------+
|                          Status                          | Count |
+----------------------------------------------------------+-------+
| Total control sets                                       |    89 |
|    Minimum number of control sets                        |    89 |
|    Addition due to synthesis replication                 |     0 |
|    Addition due to physical synthesis replication        |     0 |
| Unused register locations in slices containing registers |   303 |
+----------------------------------------------------------+-------+
* Control sets can be merged at opt_design using control_set_merge or merge_equivalent_drivers
** Run report_qor_suggestions for automated merging and remapping suggestions


2. Histogram
------------

+--------------------+-------+
|       Fanout       | Count |
+--------------------+-------+
| Total control sets |    89 |
| >= 0 to < 4        |    22 |
| >= 4 to < 6        |    13 |
| >= 6 to < 8        |     9 |
| >= 8 to < 10       |    10 |
| >= 10 to < 12      |     3 |
| >= 12 to < 14      |     2 |
| >= 14 to < 16      |     1 |
| >= 16              |    29 |
+--------------------+-------+
* Control sets can be remapped at either synth_design or opt_design


3. Flip-Flop Distribution
-------------------------

+--------------+-----------------------+------------------------+-----------------+--------------+
| Clock Enable | Synchronous Set/Reset | Asynchronous Set/Reset | Total Registers | Total Slices |
+--------------+-----------------------+------------------------+-----------------+--------------+
| No           | No                    | No                     |             267 |           96 |
| No           | No                    | Yes                    |              29 |            8 |
| No           | Yes                   | No                     |             332 |          138 |
| Yes          | No                    | No                     |             248 |           82 |
| Yes          | No                    | Yes                    |              15 |            8 |
| Yes          | Yes                   | No                     |             550 |          188 |
+--------------+-----------------------+------------------------+-----------------+--------------+


4. Detailed Control Set Information
-----------------------------------

+------------------------------------------------------------+-----------------------------------------------------------------------------------------------------------------------------------------------------------------------------------------------------------+---------------------------------------------------------------------------------------------------------------------------------------------------------------------------+------------------+----------------+
|                        Clock Signal                        |                                                                                               Enable Signal                                                                                               |                                                                              Set/Reset Signal                                                                             | Slice Load Count | Bel Load Count |
+------------------------------------------------------------+-----------------------------------------------------------------------------------------------------------------------------------------------------------------------------------------------------------+---------------------------------------------------------------------------------------------------------------------------------------------------------------------------+------------------+----------------+
|  design_1_i/clk_wiz_0/inst/clk_out1                        |                                                                                                                                                                                                           | design_1_i/microblaze_0/U0/MicroBlaze_Core_I/Area.Core/Implement_Debug_Logic.Master_Core.Debug_Area/Area_Debug_Control.Stop_Instr_Fetch_FDRSE/start_single_step_reg       |                1 |              1 |
|  design_1_i/mdm_1/U0/Use_E2.BSCAN_I/Ext_JTAG_UPDATE_BUFG   | design_1_i/microblaze_0/U0/MicroBlaze_Core_I/Area.Core/Implement_Debug_Logic.Master_Core.Debug_Area/Control_Reg_En                                                                                        | design_1_i/microblaze_0/U0/MicroBlaze_Core_I/Area.Core/Implement_Debug_Logic.Master_Core.Debug_Area/normal_stop_cmd_rst                                                   |                1 |              1 |
|  design_1_i/clk_wiz_0/inst/clk_out1                        |                                                                                                                                                                                                           | design_1_i/microblaze_0/U0/MicroBlaze_Core_I/Area.Core/Implement_Debug_Logic.Master_Core.Debug_Area/Area_Debug_Control.Stop_CPU_FDRSE/Using_FPGA.Native_i_1__84_n_0       |                1 |              1 |
|  design_1_i/mdm_1/U0/Use_E2.BSCAN_I/Ext_JTAG_UPDATE_BUFG   | design_1_i/microblaze_0/U0/MicroBlaze_Core_I/Area.Core/Implement_Debug_Logic.Master_Core.Debug_Area/Control_Reg_En                                                                                        | design_1_i/microblaze_0/U0/MicroBlaze_Core_I/Area.Core/Implement_Debug_Logic.Master_Core.Debug_Area/force_stop_cmd_rst                                                    |                1 |              1 |
|  design_1_i/mdm_1/U0/No_Dbg_Reg_Access.BUFG_DRCK/Dbg_Clk_0 | design_1_i/mdm_1/U0/Use_E2.BSCAN_I/Use_BSCAN.PORT_Selector_reg[0]                                                                                                                                         | design_1_i/mdm_1/U0/MDM_Core_I1/JTAG_CONTROL_I/sel_with_scan_reset                                                                                                        |                1 |              1 |
| ~design_1_i/mdm_1/U0/Use_E2.BSCAN_I/Ext_JTAG_UPDATE_BUFG   |                                                                                                                                                                                                           | design_1_i/mdm_1/U0/MDM_Core_I1/JTAG_CONTROL_I/sel_n                                                                                                                      |                1 |              1 |
|  design_1_i/mdm_1/U0/Use_E2.BSCAN_I/Ext_JTAG_UPDATE_BUFG   | design_1_i/microblaze_0/U0/MicroBlaze_Core_I/Area.Core/Implement_Debug_Logic.Master_Core.Debug_Area/Control_Reg_En                                                                                        | design_1_i/microblaze_0/U0/MicroBlaze_Core_I/Area.Core/Implement_Debug_Logic.Master_Core.Debug_Area/start_single_step_reg_n_0                                             |                1 |              1 |
|  design_1_i/clk_wiz_0/inst/clk_out1                        |                                                                                                                                                                                                           | design_1_i/microblaze_0/U0/MicroBlaze_Core_I/Area.Core/Implement_Debug_Logic.Master_Core.Debug_Area/Area_Debug_Control.Dbg_Inhibit_EX_FDRSE/Using_FPGA.Native_i_1__83_n_0 |                1 |              1 |
|  design_1_i/clk_wiz_0/inst/clk_out1                        |                                                                                                                                                                                                           | design_1_i/axi_timer_0/U0/TC_CORE_I/TIMER_CONTROL_I/READ_DONE0_I_i_1_n_0                                                                                                  |                1 |              1 |
|  design_1_i/clk_wiz_0/inst/clk_out1                        |                                                                                                                                                                                                           | design_1_i/axi_timer_0/U0/TC_CORE_I/TIMER_CONTROL_I/READ_DONE1_I_i_1_n_0                                                                                                  |                1 |              1 |
|  design_1_i/clk_wiz_0/inst/clk_out1                        |                                                                                                                                                                                                           | design_1_i/axi_timer_0/U0/TC_CORE_I/TIMER_CONTROL_I/R                                                                                                                     |                1 |              1 |
| ~design_1_i/mdm_1/U0/No_Dbg_Reg_Access.BUFG_DRCK/Dbg_Clk_0 | design_1_i/mdm_1/U0/MDM_Core_I1/JTAG_CONTROL_I/Use_BSCAN.FDC_I/CE                                                                                                                                         | design_1_i/mdm_1/U0/MDM_Core_I1/JTAG_CONTROL_I/Use_BSCAN.FDC_I/D_1                                                                                                        |                1 |              1 |
|  design_1_i/mdm_1/U0/Use_E2.BSCAN_I/Ext_JTAG_UPDATE_BUFG   | design_1_i/microblaze_0/U0/MicroBlaze_Core_I/Area.Core/Implement_Debug_Logic.Master_Core.Debug_Area/Control_Reg_En                                                                                        | design_1_i/microblaze_0/U0/MicroBlaze_Core_I/Area.Core/Implement_Debug_Logic.Master_Core.Debug_Area/Serial_Dbg_Intf.continue_from_brk_reg_n_0                             |                1 |              1 |
|  design_1_i/clk_wiz_0/inst/clk_out1                        |                                                                                                                                                                                                           | design_1_i/axi_timer_0/U0/AXI4_LITE_I/I_SLAVE_ATTACHMENT/I_DECODER/GEN_BKEND_CE_REGISTERS[0].ce_out_i_reg[0]_0                                                            |                1 |              1 |
|  design_1_i/clk_wiz_0/inst/clk_out1                        |                                                                                                                                                                                                           | design_1_i/axi_timer_0/U0/AXI4_LITE_I/I_SLAVE_ATTACHMENT/I_DECODER/GEN_BKEND_CE_REGISTERS[4].ce_out_i_reg[4]_0                                                            |                1 |              1 |
|  design_1_i/clk_wiz_0/inst/clk_out1                        |                                                                                                                                                                                                           | design_1_i/microblaze_0/U0/MicroBlaze_Core_I/Area.Core/Implement_Debug_Logic.Master_Core.Debug_Area/capture_1                                                             |                1 |              1 |
|  design_1_i/clk_wiz_0/inst/clk_out1                        |                                                                                                                                                                                                           | design_1_i/microblaze_0/U0/MicroBlaze_Core_I/Area.Core/Decode_I/Using_FPGA.New_Carry_MUXCY/ex_Valid_reg                                                                   |                1 |              1 |
|  design_1_i/clk_wiz_0/inst/clk_out1                        |                                                                                                                                                                                                           | design_1_i/microblaze_0/U0/MicroBlaze_Core_I/Area.Core/Decode_I/MSR_Rst                                                                                                   |                1 |              1 |
|  design_1_i/clk_wiz_0/inst/clk_out1                        |                                                                                                                                                                                                           | design_1_i/microblaze_0/U0/MicroBlaze_Core_I/Area.Core/Decode_I/Using_FPGA.Native                                                                                         |                1 |              1 |
|  design_1_i/mdm_1/U0/Use_E2.BSCAN_I/Ext_JTAG_UPDATE_BUFG   | design_1_i/microblaze_0/U0/MicroBlaze_Core_I/Area.Core/Implement_Debug_Logic.Master_Core.Debug_Area/Command_Reg_En                                                                                        | design_1_i/microblaze_0/U0/MicroBlaze_Core_I/Area.Core/Implement_Debug_Logic.Master_Core.Debug_Area/command_reg_clear                                                     |                1 |              2 |
|  design_1_i/mdm_1/U0/Use_E2.BSCAN_I/Ext_JTAG_UPDATE_BUFG   |                                                                                                                                                                                                           |                                                                                                                                                                           |                2 |              3 |
|  design_1_i/clk_wiz_0/inst/clk_out1                        | design_1_i/microblaze_0/U0/MicroBlaze_Core_I/Area.Core/Decode_I/Using_FPGA.of_PipeRun_MuxCY_1/Using_FPGA.Native_1                                                                                         | design_1_i/microblaze_0/U0/MicroBlaze_Core_I/sync_reset                                                                                                                   |                1 |              3 |
|  design_1_i/mdm_1/U0/Use_E2.BSCAN_I/Ext_JTAG_UPDATE_BUFG   | design_1_i/mdm_1/U0/MDM_Core_I1/MDM_SEL                                                                                                                                                                   | design_1_i/mdm_1/U0/Use_E2.BSCAN_I/AR[0]                                                                                                                                  |                1 |              4 |
|  design_1_i/clk_wiz_0/inst/clk_out1                        |                                                                                                                                                                                                           | design_1_i/microblaze_0/U0/MicroBlaze_Core_I/Area.Core/Implement_Debug_Logic.Master_Core.Debug_Area/Area_Debug_Control.Stop_CPU_FDRSE/S                                   |                2 |              4 |
|  design_1_i/clk_wiz_0/inst/clk_out1                        | design_1_i/axi_uartlite_0/U0/UARTLITE_CORE_I/BAUD_RATE_I/p_11_out[0]                                                                                                                                      |                                                                                                                                                                           |                2 |              4 |
|  design_1_i/clk_wiz_0/inst/clk_out1                        | design_1_i/axi_gpio_0/U0/AXI_LITE_IPIF_I/I_SLAVE_ATTACHMENT/bus2ip_addr_i[8]_i_1_n_0                                                                                                                      | design_1_i/axi_gpio_0/U0/AXI_LITE_IPIF_I/I_SLAVE_ATTACHMENT/SS[0]                                                                                                         |                2 |              4 |
|  design_1_i/mdm_1/U0/No_Dbg_Reg_Access.BUFG_DRCK/Dbg_Clk_0 | design_1_i/mdm_1/U0/MDM_Core_I1/TDI_Shifter0                                                                                                                                                              | design_1_i/mdm_1/U0/Use_E2.BSCAN_I/AR[0]                                                                                                                                  |                1 |              4 |
|  design_1_i/clk_wiz_0/inst/clk_out1                        | design_1_i/axi_timer_0/U0/AXI4_LITE_I/I_SLAVE_ATTACHMENT/I_DECODER/pair0_Select                                                                                                                           | design_1_i/axi_timer_0/U0/TC_CORE_I/GEN_SECOND_TIMER.COUNTER_1_I/COUNTER_I/s_axi_aresetn_0                                                                                |                1 |              4 |
|  design_1_i/clk_wiz_0/inst/clk_out1                        |                                                                                                                                                                                                           | design_1_i/axi_gpio_0/U0/AXI_LITE_IPIF_I/I_SLAVE_ATTACHMENT/clear                                                                                                         |                1 |              4 |
|  design_1_i/clk_wiz_0/inst/clk_out1                        | design_1_i/axi_timer_0/U0/AXI4_LITE_I/I_SLAVE_ATTACHMENT/bus2ip_addr_i[4]_i_1_n_0                                                                                                                         | design_1_i/axi_timer_0/U0/AXI4_LITE_I/I_SLAVE_ATTACHMENT/rst                                                                                                              |                1 |              4 |
|  design_1_i/clk_wiz_0/inst/clk_out1                        | design_1_i/axi_gpio_0/U0/AXI_LITE_IPIF_I/I_SLAVE_ATTACHMENT/start2                                                                                                                                        | design_1_i/axi_gpio_0/U0/AXI_LITE_IPIF_I/I_SLAVE_ATTACHMENT/I_DECODER/cs_ce_clr                                                                                           |                2 |              4 |
|  design_1_i/mdm_1/U0/Use_E2.BSCAN_I/Ext_JTAG_UPDATE_BUFG   | design_1_i/microblaze_0/U0/MicroBlaze_Core_I/Area.Core/Implement_Debug_Logic.Master_Core.Debug_Area/Control_Reg_En                                                                                        |                                                                                                                                                                           |                3 |              4 |
| ~design_1_i/mdm_1/U0/Use_E2.BSCAN_I/Ext_JTAG_UPDATE_BUFG   |                                                                                                                                                                                                           | design_1_i/mdm_1/U0/Use_E2.BSCAN_I/AR[0]                                                                                                                                  |                1 |              4 |
|  design_1_i/clk_wiz_0/inst/clk_out1                        | design_1_i/axi_uartlite_0/U0/AXI_LITE_IPIF_I/I_SLAVE_ATTACHMENT/start2                                                                                                                                    | design_1_i/axi_uartlite_0/U0/AXI_LITE_IPIF_I/I_SLAVE_ATTACHMENT/I_DECODER/cs_ce_clr                                                                                       |                1 |              4 |
|  design_1_i/clk_wiz_0/inst/clk_out1                        |                                                                                                                                                                                                           | design_1_i/rst_clk_wiz_0_100M/U0/EXT_LPF/lpf_int                                                                                                                          |                2 |              5 |
|  design_1_i/clk_wiz_0/inst/clk_out1                        |                                                                                                                                                                                                           | design_1_i/axi_uartlite_0/U0/UARTLITE_CORE_I/UARTLITE_TX_I/SRL_FIFO_I/I_SRL_FIFO_RBU_F/CNTR_INCR_DECR_ADDN_F_I/SS[0]                                                      |                2 |              6 |
|  design_1_i/clk_wiz_0/inst/clk_out1                        |                                                                                                                                                                                                           | design_1_i/axi_uartlite_0/U0/UARTLITE_CORE_I/UARTLITE_RX_I/SRL_FIFO_I/I_SRL_FIFO_RBU_F/CNTR_INCR_DECR_ADDN_F_I/SS[0]                                                      |                2 |              6 |
|  design_1_i/mdm_1/U0/No_Dbg_Reg_Access.BUFG_DRCK/Dbg_Clk_0 | design_1_i/mdm_1/U0/Use_E2.BSCAN_I/E[0]                                                                                                                                                                   |                                                                                                                                                                           |                2 |              6 |
|  design_1_i/mdm_1/U0/No_Dbg_Reg_Access.BUFG_DRCK/Dbg_Clk_0 | design_1_i/mdm_1/U0/MDM_Core_I1/JTAG_CONTROL_I/Use_BSCAN.FDC_I/Use_BSCAN.command_reg[5][0]                                                                                                                |                                                                                                                                                                           |                2 |              6 |
|  design_1_i/clk_wiz_0/inst/clk_out1                        | design_1_i/rst_clk_wiz_0_100M/U0/SEQ/seq_cnt_en                                                                                                                                                           | design_1_i/rst_clk_wiz_0_100M/U0/SEQ/SEQ_COUNTER/clear                                                                                                                    |                1 |              6 |
|  design_1_i/mdm_1/U0/No_Dbg_Reg_Access.BUFG_DRCK/Dbg_Clk_0 | design_1_i/mdm_1/U0/Use_E2.BSCAN_I/Use_BSCAN.command_reg[5][0]                                                                                                                                            |                                                                                                                                                                           |                2 |              6 |
|  design_1_i/clk_wiz_0/inst/clk_out1                        |                                                                                                                                                                                                           | design_1_i/axi_timer_0/U0/AXI4_LITE_I/I_SLAVE_ATTACHMENT/INCLUDE_DPHASE_TIMER.dpto_cnt[5]_i_1_n_0                                                                         |                2 |              6 |
|  design_1_i/clk_wiz_0/inst/clk_out1                        | design_1_i/axi_timer_0/U0/AXI4_LITE_I/I_SLAVE_ATTACHMENT/start2                                                                                                                                           | design_1_i/axi_timer_0/U0/AXI4_LITE_I/I_SLAVE_ATTACHMENT/I_DECODER/cs_ce_clr                                                                                              |                2 |              7 |
|  design_1_i/clk_wiz_0/inst/clk_out1                        | design_1_i/axi_uartlite_0/U0/UARTLITE_CORE_I/BAUD_RATE_I/p_11_out[0]                                                                                                                                      | design_1_i/axi_uartlite_0/U0/UARTLITE_CORE_I/UARTLITE_RX_I/SERIAL_TO_PARALLEL[8].fifo_din[8]_i_1_n_0                                                                      |                2 |              7 |
|  design_1_i/clk_wiz_0/inst/clk_out1                        | design_1_i/microblaze_0/U0/MicroBlaze_Core_I/Area.Core/Decode_I/Using_FPGA.of_PipeRun_MuxCY_1/mul_Executing_reg                                                                                           | design_1_i/microblaze_0/U0/MicroBlaze_Core_I/Area.Core/Decode_I/Using_FPGA.MUXCY_JUMP_CARRY3/S72_out                                                                      |                3 |              8 |
|  design_1_i/clk_wiz_0/inst/clk_out1                        | design_1_i/axi_timer_0/U0/AXI4_LITE_I/I_SLAVE_ATTACHMENT/I_DECODER/bus2ip_wrce[0]                                                                                                                         | design_1_i/axi_timer_0/U0/TC_CORE_I/GEN_SECOND_TIMER.COUNTER_1_I/COUNTER_I/s_axi_aresetn_0                                                                                |                3 |              8 |
|  design_1_i/clk_wiz_0/inst/clk_out1                        | design_1_i/axi_uartlite_0/U0/AXI_LITE_IPIF_I/I_SLAVE_ATTACHMENT/s_axi_rresp_i                                                                                                                             | design_1_i/axi_uartlite_0/U0/AXI_LITE_IPIF_I/I_SLAVE_ATTACHMENT/rst                                                                                                       |                2 |              8 |
|  design_1_i/clk_wiz_0/inst/clk_out1                        | design_1_i/axi_uartlite_0/U0/UARTLITE_CORE_I/UARTLITE_RX_I/SRL_FIFO_I/I_SRL_FIFO_RBU_F/DYNSHREG_F_I/fifo_wr                                                                                               |                                                                                                                                                                           |                1 |              8 |
|  design_1_i/mdm_1/U0/Use_E2.BSCAN_I/Ext_JTAG_UPDATE_BUFG   | design_1_i/mdm_1/U0/MDM_Core_I1/JTAG_CONTROL_I/Use_BSCAN.FDC_I/Use_BSCAN.PORT_Selector_reg[2][0]                                                                                                          |                                                                                                                                                                           |                1 |              8 |
|  design_1_i/mdm_1/U0/No_Dbg_Reg_Access.BUFG_DRCK/Dbg_Clk_0 | design_1_i/mdm_1/U0/MDM_Core_I1/JTAG_CONTROL_I/tdi_shifter0                                                                                                                                               |                                                                                                                                                                           |                2 |              8 |
|  design_1_i/mdm_1/U0/No_Dbg_Reg_Access.BUFG_DRCK/Dbg_Clk_0 | design_1_i/microblaze_0/U0/MicroBlaze_Core_I/Area.Core/Implement_Debug_Logic.Master_Core.Debug_Area/Using_PC_Breakpoints.All_PC_Brks[0].Serial_Interface_1.address_hit_I/Compare[0].SRLC16E_I/which_pc__0 |                                                                                                                                                                           |                7 |              8 |
|  design_1_i/clk_wiz_0/inst/clk_out1                        | design_1_i/axi_uartlite_0/U0/AXI_LITE_IPIF_I/I_SLAVE_ATTACHMENT/I_DECODER/fifo_wr                                                                                                                         |                                                                                                                                                                           |                1 |              8 |
| ~design_1_i/mdm_1/U0/Use_E2.BSCAN_I/Ext_JTAG_UPDATE_BUFG   | design_1_i/mdm_1/U0/MDM_Core_I1/JTAG_CONTROL_I/Use_BSCAN.command[0]_i_1_n_0                                                                                                                               |                                                                                                                                                                           |                2 |              8 |
|  design_1_i/clk_wiz_0/inst/clk_out1                        | design_1_i/axi_timer_0/U0/AXI4_LITE_I/I_SLAVE_ATTACHMENT/I_DECODER/bus2ip_wrce[1]                                                                                                                         | design_1_i/axi_timer_0/U0/TC_CORE_I/GEN_SECOND_TIMER.COUNTER_1_I/COUNTER_I/s_axi_aresetn_0                                                                                |                3 |              9 |
|  design_1_i/mdm_1/U0/No_Dbg_Reg_Access.BUFG_DRCK/Dbg_Clk_0 | design_1_i/mdm_1/U0/MDM_Core_I1/JTAG_CONTROL_I/Use_BSCAN.FDC_I/E[0]                                                                                                                                       |                                                                                                                                                                           |                4 |             10 |
|  design_1_i/clk_wiz_0/inst/clk_out1                        |                                                                                                                                                                                                           | design_1_i/axi_uartlite_0/U0/AXI_LITE_IPIF_I/I_SLAVE_ATTACHMENT/rst                                                                                                       |                4 |             10 |
|  design_1_i/clk_wiz_0/inst/clk_out1                        |                                                                                                                                                                                                           | design_1_i/axi_timer_0/U0/AXI4_LITE_I/I_SLAVE_ATTACHMENT/rst                                                                                                              |                5 |             11 |
|  design_1_i/clk_wiz_0/inst/clk_out1                        |                                                                                                                                                                                                           | design_1_i/microblaze_0_axi_periph/xbar/inst/gen_sasd.crossbar_sasd_0/addr_arbiter_inst/SR[0]                                                                             |                5 |             13 |
|  design_1_i/clk_wiz_0/inst/clk_out1                        |                                                                                                                                                                                                           | design_1_i/axi_timer_0/U0/TC_CORE_I/GEN_SECOND_TIMER.COUNTER_1_I/COUNTER_I/s_axi_aresetn_0                                                                                |                3 |             13 |
|  design_1_i/clk_wiz_0/inst/clk_out1                        | design_1_i/microblaze_0_axi_periph/xbar/inst/gen_sasd.crossbar_sasd_0/reg_slice_r/aa_rready                                                                                                               |                                                                                                                                                                           |                6 |             15 |
|  design_1_i/clk_wiz_0/inst/clk_out1                        | design_1_i/microblaze_0/U0/MicroBlaze_Core_I/Area.Core/Decode_I/PreFetch_Buffer_I/PreFetch_Buffers[0].SRL16E_I/E[0]                                                                                       | design_1_i/microblaze_0/U0/MicroBlaze_Core_I/sync_reset                                                                                                                   |                5 |             16 |
|  design_1_i/clk_wiz_0/inst/clk_out1                        |                                                                                                                                                                                                           | design_1_i/microblaze_0/U0/MicroBlaze_Core_I/Area.Core/Decode_I/ex_not_mul_op                                                                                             |                7 |             17 |
|  design_1_i/clk_wiz_0/inst/clk_out1                        | design_1_i/microblaze_0_axi_periph/xbar/inst/gen_sasd.crossbar_sasd_0/addr_arbiter_inst/p_0_in1_in                                                                                                        | design_1_i/microblaze_0_axi_periph/xbar/inst/gen_sasd.crossbar_sasd_0/addr_arbiter_inst/SR[0]                                                                             |                5 |             20 |
|  design_1_i/clk_wiz_0/inst/clk_out1                        |                                                                                                                                                                                                           | design_1_i/axi_gpio_0/U0/AXI_LITE_IPIF_I/I_SLAVE_ATTACHMENT/SS[0]                                                                                                         |                5 |             20 |
|  design_1_i/mdm_1/U0/No_Dbg_Reg_Access.BUFG_DRCK/Dbg_Clk_0 |                                                                                                                                                                                                           | design_1_i/mdm_1/U0/Use_E2.BSCAN_I/shift_n_reset                                                                                                                          |                5 |             23 |
|  design_1_i/clk_wiz_0/inst/clk_out1                        | design_1_i/axi_uartlite_0/U0/UARTLITE_CORE_I/BAUD_RATE_I/p_11_out[0]                                                                                                                                      | design_1_i/axi_uartlite_0/U0/UARTLITE_CORE_I/UARTLITE_RX_I/s_axi_aresetn_0                                                                                                |                7 |             28 |
|  design_1_i/clk_wiz_0/inst/clk_out1                        |                                                                                                                                                                                                           | design_1_i/axi_uartlite_0/U0/UARTLITE_CORE_I/UARTLITE_RX_I/s_axi_aresetn_0                                                                                                |               11 |             30 |
|  design_1_i/clk_wiz_0/inst/clk_out1                        | design_1_i/axi_timer_0/U0/TC_CORE_I/TIMER_CONTROL_I/INPUT_DOUBLE_REGS3/TCSR0_GENERATE[20].TCSR0_FF_I                                                                                                      | design_1_i/axi_timer_0/U0/TC_CORE_I/GEN_SECOND_TIMER.COUNTER_1_I/COUNTER_I/s_axi_aresetn_0                                                                                |                5 |             32 |
|  design_1_i/clk_wiz_0/inst/clk_out1                        | design_1_i/axi_timer_0/U0/TC_CORE_I/TIMER_CONTROL_I/INPUT_DOUBLE_REGS3/generateOutPre0_reg                                                                                                                | design_1_i/axi_timer_0/U0/TC_CORE_I/GEN_SECOND_TIMER.COUNTER_1_I/COUNTER_I/s_axi_aresetn_0                                                                                |                5 |             32 |
|  design_1_i/clk_wiz_0/inst/clk_out1                        | design_1_i/microblaze_0/U0/MicroBlaze_Core_I/Area.Core/Implement_Debug_Logic.Master_Core.Debug_Area/Area_Debug_Control.Stop_Instr_Fetch_FDRSE/E[0]                                                        | design_1_i/microblaze_0/U0/MicroBlaze_Core_I/sync_reset                                                                                                                   |               10 |             32 |
|  design_1_i/clk_wiz_0/inst/clk_out1                        | design_1_i/microblaze_0/U0/MicroBlaze_Core_I/Area.Core/Decode_I/Using_FPGA.of_PipeRun_MuxCY_1/mul_Executing_reg                                                                                           |                                                                                                                                                                           |               15 |             32 |
|  design_1_i/clk_wiz_0/inst/clk_out1                        | design_1_i/microblaze_0/U0/MicroBlaze_Core_I/Area.Core/Decode_I/Using_FPGA.of_PipeRun_MuxCY_1/Using_FPGA.Native_1                                                                                         |                                                                                                                                                                           |                5 |             32 |
|  design_1_i/clk_wiz_0/inst/clk_out1                        | design_1_i/microblaze_0_axi_periph/xbar/inst/gen_sasd.crossbar_sasd_0/addr_arbiter_inst/s_axi_rvalid[0]                                                                                                   | design_1_i/microblaze_0/U0/MicroBlaze_Core_I/sync_reset                                                                                                                   |               13 |             32 |
|  design_1_i/mdm_1/U0/No_Dbg_Reg_Access.BUFG_DRCK/Dbg_Clk_0 | design_1_i/microblaze_0/U0/MicroBlaze_Core_I/Area.Core/Implement_Debug_Logic.Master_Core.Debug_Area/New_Dbg_Instr_TCK                                                                                     |                                                                                                                                                                           |               11 |             32 |
|  design_1_i/clk_wiz_0/inst/clk_out1                        | design_1_i/axi_timer_0/U0/TC_CORE_I/TIMER_CONTROL_I/CE_0                                                                                                                                                  | design_1_i/axi_timer_0/U0/TC_CORE_I/GEN_SECOND_TIMER.COUNTER_1_I/COUNTER_I/s_axi_aresetn_0                                                                                |               12 |             32 |
|  design_1_i/clk_wiz_0/inst/clk_out1                        | design_1_i/microblaze_0/U0/MicroBlaze_Core_I/Area.Core/Decode_I/Using_FPGA.MUXCY_JUMP_CARRY3/PC_Write                                                                                                     | design_1_i/microblaze_0/U0/MicroBlaze_Core_I/sync_reset                                                                                                                   |               11 |             32 |
|  design_1_i/clk_wiz_0/inst/clk_out1                        | design_1_i/axi_timer_0/U0/TC_CORE_I/TIMER_CONTROL_I/CE                                                                                                                                                    | design_1_i/axi_timer_0/U0/TC_CORE_I/GEN_SECOND_TIMER.COUNTER_1_I/COUNTER_I/s_axi_aresetn_0                                                                                |               11 |             32 |
|  design_1_i/clk_wiz_0/inst/clk_out1                        | design_1_i/axi_timer_0/U0/AXI4_LITE_I/I_SLAVE_ATTACHMENT/s_axi_rresp_i                                                                                                                                    | design_1_i/axi_timer_0/U0/AXI4_LITE_I/I_SLAVE_ATTACHMENT/rst                                                                                                              |               32 |             32 |
|  design_1_i/clk_wiz_0/inst/clk_out1                        |                                                                                                                                                                                                           | design_1_i/microblaze_0/U0/MicroBlaze_Core_I/Area.Core/Implement_Debug_Logic.Master_Core.Debug_Area/Area_Debug_Control.Dbg_Inhibit_EX_FDRSE/SR[0]                         |               17 |             33 |
|  design_1_i/clk_wiz_0/inst/clk_out1                        | design_1_i/microblaze_0_axi_periph/xbar/inst/gen_sasd.crossbar_sasd_0/addr_arbiter_inst/E[0]                                                                                                              |                                                                                                                                                                           |               10 |             33 |
|  design_1_i/mdm_1/U0/No_Dbg_Reg_Access.BUFG_DRCK/Dbg_Clk_0 | design_1_i/mdm_1/U0/Use_E2.BSCAN_I/Use_BSCAN.PORT_Selector_reg[0]                                                                                                                                         |                                                                                                                                                                           |               15 |             46 |
|  design_1_i/clk_wiz_0/inst/clk_out1                        | design_1_i/microblaze_0/U0/MicroBlaze_Core_I/Area.Core/Using_Ext_Databus.DAXI_Interface_I1/M_AXI_DP_AWADDR0                                                                                               | design_1_i/microblaze_0/U0/MicroBlaze_Core_I/sync_reset                                                                                                                   |               17 |             52 |
|  design_1_i/clk_wiz_0/inst/clk_out1                        |                                                                                                                                                                                                           | design_1_i/microblaze_0/U0/MicroBlaze_Core_I/Area.Core/Decode_I/in0                                                                                                       |               27 |             63 |
|  design_1_i/clk_wiz_0/inst/clk_out1                        | design_1_i/microblaze_0/U0/MicroBlaze_Core_I/Area.Core/Decode_I/Using_FPGA.clean_iReady_MuxCY/IReady                                                                                                      |                                                                                                                                                                           |               15 |             64 |
|  design_1_i/clk_wiz_0/inst/clk_out1                        |                                                                                                                                                                                                           | design_1_i/microblaze_0/U0/MicroBlaze_Core_I/sync_reset                                                                                                                   |               32 |             80 |
|  design_1_i/mdm_1/U0/No_Dbg_Reg_Access.BUFG_DRCK/Dbg_Clk_0 |                                                                                                                                                                                                           |                                                                                                                                                                           |               31 |             81 |
|  design_1_i/clk_wiz_0/inst/clk_out1                        | design_1_i/microblaze_0/U0/MicroBlaze_Core_I/Area.Core/Decode_I/Using_FPGA.of_PipeRun_MuxCY_1/mul_Executing_reg                                                                                           | design_1_i/microblaze_0/U0/MicroBlaze_Core_I/sync_reset                                                                                                                   |               30 |            101 |
|  design_1_i/clk_wiz_0/inst/clk_out1                        | design_1_i/microblaze_0/U0/MicroBlaze_Core_I/Area.Core/Implement_Debug_Logic.Master_Core.Debug_Area/Area_Debug_Control.Dbg_Inhibit_EX_FDRSE/Reg_Write                                                     |                                                                                                                                                                           |               32 |            128 |
|  design_1_i/clk_wiz_0/inst/clk_out1                        |                                                                                                                                                                                                           |                                                                                                                                                                           |               67 |            201 |
+------------------------------------------------------------+-----------------------------------------------------------------------------------------------------------------------------------------------------------------------------------------------------------+---------------------------------------------------------------------------------------------------------------------------------------------------------------------------+------------------+----------------+


